<?xml version="1.0" encoding="UTF-8"?>
<!-- Generated by org.testng.reporters.JUnitReportReporter -->
<testsuite hostname="PL-IN-PF4G127E" failures="0" tests="1" name="aertripTestCases.SearchFlights" time="28.888" errors="0" timestamp="2024-08-21T09:53:49 IST" skipped="0">
  <testcase classname="aertripTestCases.SearchFlights" name="searchFlights" time="28.888"/>
  <system-out/>
</testsuite> <!-- aertripTestCases.SearchFlights -->
