<?xml version="1.0" encoding="UTF-8"?>
<!-- Generated by org.testng.reporters.JUnitReportReporter -->
<testsuite hostname="PL-IN-PF4G127E" failures="0" tests="1" name="aertripTestCases.SearchFlights" time="159.429" errors="0" timestamp="2024-09-12T16:19:38 IST" skipped="0">
  <testcase classname="aertripTestCases.SearchFlights" name="searchFlights" time="159.429"/>
  <system-out/>
</testsuite> <!-- aertripTestCases.SearchFlights -->
