<?xml version="1.0" encoding="UTF-8"?>
<!-- Generated by org.testng.reporters.JUnitReportReporter -->
<testsuite hostname="PL-IN-PF4G127E" failures="0" tests="2" name="aertripTestCases.BookFlight" time="116.162" errors="0" timestamp="2024-09-23T11:25:29 IST" skipped="0">
  <testcase classname="aertripTestCases.BookFlight" name="loginAertrip" time="12.137"/>
  <system-out/>
  <testcase classname="aertripTestCases.BookFlight" name="searchFlights" time="104.025"/>
  <system-out/>
</testsuite> <!-- aertripTestCases.BookFlight -->
